{"/home/lucjan/Pulpit/kalendarzRezerwacji/app.js": {"path":"/home/lucjan/Pulpit/kalendarzRezerwacji/app.js","statementMap":{"0":{"start":{"line":3,"column":12},"end":{"line":3,"column":26}},"1":{"start":{"line":4,"column":14},"end":{"line":4,"column":35}},"2":{"start":{"line":5,"column":14},"end":{"line":5,"column":34}},"3":{"start":{"line":6,"column":19},"end":{"line":6,"column":44}},"4":{"start":{"line":8,"column":15},"end":{"line":8,"column":34}},"5":{"start":{"line":12,"column":15},"end":{"line":12,"column":46}},"6":{"start":{"line":14,"column":16},"end":{"line":14,"column":36}},"7":{"start":{"line":15,"column":15},"end":{"line":15,"column":30}},"8":{"start":{"line":17,"column":12},"end":{"line":17,"column":21}},"9":{"start":{"line":24,"column":0},"end":{"line":24,"column":61}},"10":{"start":{"line":26,"column":0},"end":{"line":28,"column":4}},"11":{"start":{"line":50,"column":0},"end":{"line":50,"column":22}},"12":{"start":{"line":52,"column":0},"end":{"line":52,"column":18}},"13":{"start":{"line":55,"column":2},"end":{"line":61,"column":3}},"14":{"start":{"line":56,"column":4},"end":{"line":60,"column":7}},"15":{"start":{"line":57,"column":6},"end":{"line":57,"column":42}},"16":{"start":{"line":58,"column":6},"end":{"line":58,"column":23}},"17":{"start":{"line":59,"column":6},"end":{"line":59,"column":19}},"18":{"start":{"line":62,"column":2},"end":{"line":62,"column":20}},"19":{"start":{"line":65,"column":0},"end":{"line":65,"column":7}},"20":{"start":{"line":67,"column":0},"end":{"line":67,"column":22}}},"fnMap":{"0":{"name":"init","decl":{"start":{"line":54,"column":9},"end":{"line":54,"column":13}},"loc":{"start":{"line":54,"column":16},"end":{"line":63,"column":1}},"line":54},"1":{"name":"(anonymous_1)","decl":{"start":{"line":56,"column":29},"end":{"line":56,"column":30}},"loc":{"start":{"line":56,"column":48},"end":{"line":60,"column":5}},"line":56}},"branchMap":{"0":{"loc":{"start":{"line":55,"column":2},"end":{"line":61,"column":3}},"type":"if","locations":[{"start":{"line":55,"column":2},"end":{"line":61,"column":3}},{"start":{"line":55,"column":2},"end":{"line":61,"column":3}}],"line":55}},"s":{"0":1,"1":1,"2":1,"3":1,"4":1,"5":1,"6":1,"7":1,"8":1,"9":1,"10":1,"11":1,"12":1,"13":2,"14":1,"15":1,"16":1,"17":1,"18":2,"19":1,"20":1},"f":{"0":2,"1":1},"b":{"0":[1,1]},"_coverageSchema":"43e27e138ebf9cfc5966b082cf9a028302ed4184","hash":"3c47633526b69a37c3e3953831eee2d4c239b028","contentHash":"0a1e25b175e7ceeb1fd74a7139af1aca16b5b0e670f74f7cfb2ee9f8a084d00f"}
,"/home/lucjan/Pulpit/kalendarzRezerwacji/db/index.js": {"path":"/home/lucjan/Pulpit/kalendarzRezerwacji/db/index.js","statementMap":{"0":{"start":{"line":3,"column":17},"end":{"line":3,"column":36}},"1":{"start":{"line":4,"column":15},"end":{"line":4,"column":47}},"2":{"start":{"line":6,"column":0},"end":{"line":6,"column":34}},"3":{"start":{"line":8,"column":0},"end":{"line":12,"column":3}}},"fnMap":{},"branchMap":{},"s":{"0":1,"1":1,"2":1,"3":1},"f":{},"b":{},"_coverageSchema":"43e27e138ebf9cfc5966b082cf9a028302ed4184","hash":"2852493d321103fee05e513c8f63f52fe38241ae","contentHash":"bca5a68566d38580ebce4564c8db93744d0504b71102ec229e01dcfbc22d0997"}
,"/home/lucjan/Pulpit/kalendarzRezerwacji/model/token.js": {"path":"/home/lucjan/Pulpit/kalendarzRezerwacji/model/token.js","statementMap":{"0":{"start":{"line":1,"column":17},"end":{"line":1,"column":36}},"1":{"start":{"line":3,"column":13},"end":{"line":3,"column":30}},"2":{"start":{"line":6,"column":20},"end":{"line":6,"column":27}},"3":{"start":{"line":8,"column":20},"end":{"line":26,"column":2}},"4":{"start":{"line":24,"column":19},"end":{"line":24,"column":43}},"5":{"start":{"line":28,"column":0},"end":{"line":34,"column":2}},"6":{"start":{"line":29,"column":2},"end":{"line":33,"column":4}},"7":{"start":{"line":36,"column":0},"end":{"line":39,"column":3}},"8":{"start":{"line":41,"column":14},"end":{"line":41,"column":50}},"9":{"start":{"line":43,"column":0},"end":{"line":43,"column":23}}},"fnMap":{"0":{"name":"(anonymous_0)","decl":{"start":{"line":24,"column":13},"end":{"line":24,"column":14}},"loc":{"start":{"line":24,"column":19},"end":{"line":24,"column":43}},"line":24},"1":{"name":"getPublicFields","decl":{"start":{"line":28,"column":47},"end":{"line":28,"column":62}},"loc":{"start":{"line":28,"column":65},"end":{"line":34,"column":1}},"line":28}},"branchMap":{"0":{"loc":{"start":{"line":31,"column":9},"end":{"line":31,"column":90}},"type":"cond-expr","locations":[{"start":{"line":31,"column":41},"end":{"line":31,"column":78}},{"start":{"line":31,"column":81},"end":{"line":31,"column":90}}],"line":31}},"s":{"0":1,"1":1,"2":1,"3":1,"4":0,"5":1,"6":0,"7":1,"8":1,"9":1},"f":{"0":0,"1":0},"b":{"0":[0,0]},"_coverageSchema":"43e27e138ebf9cfc5966b082cf9a028302ed4184","hash":"b176bca74505b12974919f4b5ed9051a9dce3c8f","contentHash":"638795a2ecc6cabebc17316569cce05484e97e1412bcc1f7ac25d62bba218934"}
,"/home/lucjan/Pulpit/kalendarzRezerwacji/model/user.js": {"path":"/home/lucjan/Pulpit/kalendarzRezerwacji/model/user.js","statementMap":{"0":{"start":{"line":1,"column":17},"end":{"line":1,"column":36}},"1":{"start":{"line":3,"column":19},"end":{"line":3,"column":27}},"2":{"start":{"line":5,"column":19},"end":{"line":16,"column":2}},"3":{"start":{"line":18,"column":0},"end":{"line":24,"column":2}},"4":{"start":{"line":19,"column":2},"end":{"line":23,"column":4}},"5":{"start":{"line":26,"column":13},"end":{"line":26,"column":47}},"6":{"start":{"line":28,"column":0},"end":{"line":28,"column":22}}},"fnMap":{"0":{"name":"getPublicFields","decl":{"start":{"line":18,"column":46},"end":{"line":18,"column":61}},"loc":{"start":{"line":18,"column":64},"end":{"line":24,"column":1}},"line":18}},"branchMap":{},"s":{"0":1,"1":1,"2":1,"3":1,"4":4,"5":1,"6":1},"f":{"0":4},"b":{},"_coverageSchema":"43e27e138ebf9cfc5966b082cf9a028302ed4184","hash":"59ad8d82f5e7a755ff75b51a3714dcd4a95b5af5","contentHash":"28d158e6091bda16dac24d0eda55cb9828818713289390990a2107c66e720cef"}
,"/home/lucjan/Pulpit/kalendarzRezerwacji/routes/index.js": {"path":"/home/lucjan/Pulpit/kalendarzRezerwacji/routes/index.js","statementMap":{"0":{"start":{"line":1,"column":11},"end":{"line":1,"column":24}},"1":{"start":{"line":2,"column":13},"end":{"line":2,"column":28}},"2":{"start":{"line":3,"column":23},"end":{"line":3,"column":53}},"3":{"start":{"line":5,"column":17},"end":{"line":5,"column":42}},"4":{"start":{"line":6,"column":16},"end":{"line":6,"column":18}},"5":{"start":{"line":8,"column":0},"end":{"line":15,"column":5}},"6":{"start":{"line":10,"column":18},"end":{"line":10,"column":96}},"7":{"start":{"line":13,"column":19},"end":{"line":13,"column":54}},"8":{"start":{"line":14,"column":4},"end":{"line":14,"column":25}},"9":{"start":{"line":17,"column":15},"end":{"line":17,"column":38}},"10":{"start":{"line":19,"column":0},"end":{"line":19,"column":24}}},"fnMap":{"0":{"name":"(anonymous_0)","decl":{"start":{"line":10,"column":10},"end":{"line":10,"column":11}},"loc":{"start":{"line":10,"column":18},"end":{"line":10,"column":96}},"line":10},"1":{"name":"(anonymous_1)","decl":{"start":{"line":11,"column":11},"end":{"line":11,"column":12}},"loc":{"start":{"line":11,"column":21},"end":{"line":15,"column":3}},"line":11}},"branchMap":{"0":{"loc":{"start":{"line":10,"column":18},"end":{"line":10,"column":96}},"type":"binary-expr","locations":[{"start":{"line":10,"column":19},"end":{"line":10,"column":42}},{"start":{"line":10,"column":48},"end":{"line":10,"column":65}},{"start":{"line":10,"column":71},"end":{"line":10,"column":95}}],"line":10}},"s":{"0":1,"1":1,"2":1,"3":1,"4":1,"5":1,"6":2,"7":1,"8":1,"9":1,"10":1},"f":{"0":2,"1":1},"b":{"0":[2,2,1]},"_coverageSchema":"43e27e138ebf9cfc5966b082cf9a028302ed4184","hash":"c802334e1d7fa7ced7c845a0b9d04db42c285680","contentHash":"6a2a26d2a2be7b32294b5615ff6290f6c0ca866aa6343ffaf77bb630bc18ab5f"}
,"/home/lucjan/Pulpit/kalendarzRezerwacji/routes/user.js": {"path":"/home/lucjan/Pulpit/kalendarzRezerwacji/routes/user.js","statementMap":{"0":{"start":{"line":1,"column":15},"end":{"line":1,"column":36}},"1":{"start":{"line":2,"column":16},"end":{"line":2,"column":37}},"2":{"start":{"line":4,"column":15},"end":{"line":4,"column":46}},"3":{"start":{"line":6,"column":0},"end":{"line":11,"column":3}},"4":{"start":{"line":7,"column":15},"end":{"line":7,"column":58}},"5":{"start":{"line":8,"column":2},"end":{"line":8,"column":19}},"6":{"start":{"line":9,"column":2},"end":{"line":9,"column":18}},"7":{"start":{"line":10,"column":2},"end":{"line":10,"column":9}},"8":{"start":{"line":13,"column":0},"end":{"line":16,"column":3}},"9":{"start":{"line":14,"column":2},"end":{"line":14,"column":46}},"10":{"start":{"line":15,"column":2},"end":{"line":15,"column":16}},"11":{"start":{"line":18,"column":0},"end":{"line":27,"column":3}},"12":{"start":{"line":19,"column":22},"end":{"line":20,"column":63}},"13":{"start":{"line":20,"column":17},"end":{"line":20,"column":62}},"14":{"start":{"line":21,"column":2},"end":{"line":23,"column":3}},"15":{"start":{"line":22,"column":4},"end":{"line":22,"column":75}},"16":{"start":{"line":24,"column":2},"end":{"line":24,"column":66}},"17":{"start":{"line":25,"column":2},"end":{"line":25,"column":19}},"18":{"start":{"line":26,"column":2},"end":{"line":26,"column":16}},"19":{"start":{"line":29,"column":0},"end":{"line":35,"column":3}},"20":{"start":{"line":30,"column":18},"end":{"line":30,"column":28}},"21":{"start":{"line":31,"column":15},"end":{"line":31,"column":42}},"22":{"start":{"line":32,"column":2},"end":{"line":32,"column":45}},"23":{"start":{"line":32,"column":12},"end":{"line":32,"column":45}},"24":{"start":{"line":33,"column":2},"end":{"line":33,"column":36}},"25":{"start":{"line":34,"column":2},"end":{"line":34,"column":9}},"26":{"start":{"line":37,"column":0},"end":{"line":37,"column":24}}},"fnMap":{"0":{"name":"(anonymous_0)","decl":{"start":{"line":6,"column":17},"end":{"line":6,"column":18}},"loc":{"start":{"line":6,"column":38},"end":{"line":11,"column":1}},"line":6},"1":{"name":"(anonymous_1)","decl":{"start":{"line":13,"column":16},"end":{"line":13,"column":17}},"loc":{"start":{"line":13,"column":31},"end":{"line":16,"column":1}},"line":13},"2":{"name":"(anonymous_2)","decl":{"start":{"line":18,"column":18},"end":{"line":18,"column":19}},"loc":{"start":{"line":18,"column":39},"end":{"line":27,"column":1}},"line":18},"3":{"name":"(anonymous_3)","decl":{"start":{"line":20,"column":12},"end":{"line":20,"column":13}},"loc":{"start":{"line":20,"column":17},"end":{"line":20,"column":62}},"line":20},"4":{"name":"(anonymous_4)","decl":{"start":{"line":29,"column":20},"end":{"line":29,"column":21}},"loc":{"start":{"line":29,"column":41},"end":{"line":35,"column":1}},"line":29}},"branchMap":{"0":{"loc":{"start":{"line":21,"column":2},"end":{"line":23,"column":3}},"type":"if","locations":[{"start":{"line":21,"column":2},"end":{"line":23,"column":3}},{"start":{"line":21,"column":2},"end":{"line":23,"column":3}}],"line":21},"1":{"loc":{"start":{"line":32,"column":2},"end":{"line":32,"column":45}},"type":"if","locations":[{"start":{"line":32,"column":2},"end":{"line":32,"column":45}},{"start":{"line":32,"column":2},"end":{"line":32,"column":45}}],"line":32}},"s":{"0":1,"1":1,"2":1,"3":1,"4":0,"5":0,"6":0,"7":0,"8":1,"9":0,"10":0,"11":1,"12":0,"13":0,"14":0,"15":0,"16":0,"17":0,"18":0,"19":1,"20":0,"21":0,"22":0,"23":0,"24":0,"25":0,"26":1},"f":{"0":0,"1":0,"2":0,"3":0,"4":0},"b":{"0":[0,0],"1":[0,0]},"_coverageSchema":"43e27e138ebf9cfc5966b082cf9a028302ed4184","hash":"bddb354a1370c6d633ee4e8bc21e1bce37475e0d","contentHash":"befdbf44d9e727c8a19c8a5075f2f12836ceb4f12da15c6b6b6cbdc0ff16ea2c"}
,"/home/lucjan/Pulpit/kalendarzRezerwacji/service/auth.js": {"path":"/home/lucjan/Pulpit/kalendarzRezerwacji/service/auth.js","statementMap":{"0":{"start":{"line":1,"column":12},"end":{"line":1,"column":35}},"1":{"start":{"line":3,"column":12},"end":{"line":3,"column":42}},"2":{"start":{"line":4,"column":15},"end":{"line":4,"column":47}},"3":{"start":{"line":6,"column":13},"end":{"line":6,"column":38}},"4":{"start":{"line":8,"column":0},"end":{"line":24,"column":2}},"5":{"start":{"line":9,"column":16},"end":{"line":9,"column":63}},"6":{"start":{"line":10,"column":2},"end":{"line":12,"column":3}},"7":{"start":{"line":11,"column":4},"end":{"line":11,"column":41}},"8":{"start":{"line":14,"column":2},"end":{"line":18,"column":3}},"9":{"start":{"line":15,"column":4},"end":{"line":15,"column":52}},"10":{"start":{"line":17,"column":4},"end":{"line":17,"column":33}},"11":{"start":{"line":19,"column":2},"end":{"line":21,"column":3}},"12":{"start":{"line":20,"column":4},"end":{"line":20,"column":41}},"13":{"start":{"line":22,"column":2},"end":{"line":22,"column":53}},"14":{"start":{"line":23,"column":2},"end":{"line":23,"column":9}}},"fnMap":{"0":{"name":"(anonymous_0)","decl":{"start":{"line":8,"column":17},"end":{"line":8,"column":18}},"loc":{"start":{"line":8,"column":32},"end":{"line":24,"column":1}},"line":8}},"branchMap":{"0":{"loc":{"start":{"line":3,"column":12},"end":{"line":3,"column":42}},"type":"binary-expr","locations":[{"start":{"line":3,"column":12},"end":{"line":3,"column":32}},{"start":{"line":3,"column":36},"end":{"line":3,"column":42}}],"line":3},"1":{"loc":{"start":{"line":10,"column":2},"end":{"line":12,"column":3}},"type":"if","locations":[{"start":{"line":10,"column":2},"end":{"line":12,"column":3}},{"start":{"line":10,"column":2},"end":{"line":12,"column":3}}],"line":10},"2":{"loc":{"start":{"line":19,"column":2},"end":{"line":21,"column":3}},"type":"if","locations":[{"start":{"line":19,"column":2},"end":{"line":21,"column":3}},{"start":{"line":19,"column":2},"end":{"line":21,"column":3}}],"line":19}},"s":{"0":1,"1":1,"2":1,"3":1,"4":1,"5":0,"6":0,"7":0,"8":0,"9":0,"10":0,"11":0,"12":0,"13":0,"14":0},"f":{"0":0},"b":{"0":[1,0],"1":[0,0],"2":[0,0]},"_coverageSchema":"43e27e138ebf9cfc5966b082cf9a028302ed4184","hash":"1c9243c7d81c61037cae2a1940b3dab2eeca26ef","contentHash":"f025c62c1fd7f8f65980d639fd3dbcf454462ce8667e3a30bb6e74543587e82e"}
,"/home/lucjan/Pulpit/kalendarzRezerwacji/service/index.js": {"path":"/home/lucjan/Pulpit/kalendarzRezerwacji/service/index.js","statementMap":{"0":{"start":{"line":1,"column":11},"end":{"line":1,"column":24}},"1":{"start":{"line":2,"column":13},"end":{"line":2,"column":28}},"2":{"start":{"line":4,"column":17},"end":{"line":4,"column":42}},"3":{"start":{"line":5,"column":11},"end":{"line":5,"column":13}},"4":{"start":{"line":6,"column":17},"end":{"line":6,"column":19}},"5":{"start":{"line":8,"column":0},"end":{"line":16,"column":5}},"6":{"start":{"line":10,"column":18},"end":{"line":10,"column":96}},"7":{"start":{"line":12,"column":24},"end":{"line":12,"column":50}},"8":{"start":{"line":14,"column":4},"end":{"line":14,"column":58}},"9":{"start":{"line":15,"column":4},"end":{"line":15,"column":31}},"10":{"start":{"line":18,"column":0},"end":{"line":18,"column":34}}},"fnMap":{"0":{"name":"(anonymous_0)","decl":{"start":{"line":10,"column":10},"end":{"line":10,"column":11}},"loc":{"start":{"line":10,"column":18},"end":{"line":10,"column":96}},"line":10},"1":{"name":"(anonymous_1)","decl":{"start":{"line":11,"column":11},"end":{"line":11,"column":12}},"loc":{"start":{"line":11,"column":21},"end":{"line":16,"column":3}},"line":11}},"branchMap":{"0":{"loc":{"start":{"line":10,"column":18},"end":{"line":10,"column":96}},"type":"binary-expr","locations":[{"start":{"line":10,"column":19},"end":{"line":10,"column":42}},{"start":{"line":10,"column":48},"end":{"line":10,"column":65}},{"start":{"line":10,"column":71},"end":{"line":10,"column":95}}],"line":10}},"s":{"0":1,"1":1,"2":1,"3":1,"4":1,"5":1,"6":3,"7":2,"8":2,"9":2,"10":1},"f":{"0":3,"1":2},"b":{"0":[3,3,2]},"_coverageSchema":"43e27e138ebf9cfc5966b082cf9a028302ed4184","hash":"24f7b1a1adc5c7ab6b089144b3127dc8db410956","contentHash":"77f28b256a65c5ba438a8f1394d4986ae15b856cfadae6c7fc23333e54fb31cf"}
,"/home/lucjan/Pulpit/kalendarzRezerwacji/service/user.js": {"path":"/home/lucjan/Pulpit/kalendarzRezerwacji/service/user.js","statementMap":{"0":{"start":{"line":1,"column":12},"end":{"line":1,"column":35}},"1":{"start":{"line":2,"column":15},"end":{"line":2,"column":34}},"2":{"start":{"line":3,"column":13},"end":{"line":3,"column":37}},"3":{"start":{"line":5,"column":12},"end":{"line":5,"column":42}},"4":{"start":{"line":6,"column":15},"end":{"line":6,"column":47}},"5":{"start":{"line":8,"column":28},"end":{"line":10,"column":1}},"6":{"start":{"line":13,"column":25},"end":{"line":13,"column":55}},"7":{"start":{"line":14,"column":18},"end":{"line":14,"column":81}},"8":{"start":{"line":15,"column":16},"end":{"line":15,"column":101}},"9":{"start":{"line":16,"column":2},"end":{"line":16,"column":38}},"10":{"start":{"line":17,"column":2},"end":{"line":17,"column":61}},"11":{"start":{"line":21,"column":15},"end":{"line":21,"column":38}},"12":{"start":{"line":22,"column":2},"end":{"line":22,"column":14}},"13":{"start":{"line":25,"column":0},"end":{"line":29,"column":3}}},"fnMap":{"0":{"name":"createUser","decl":{"start":{"line":12,"column":15},"end":{"line":12,"column":25}},"loc":{"start":{"line":12,"column":29},"end":{"line":18,"column":1}},"line":12},"1":{"name":"getUser","decl":{"start":{"line":20,"column":15},"end":{"line":20,"column":22}},"loc":{"start":{"line":20,"column":27},"end":{"line":23,"column":1}},"line":20}},"branchMap":{"0":{"loc":{"start":{"line":5,"column":12},"end":{"line":5,"column":42}},"type":"binary-expr","locations":[{"start":{"line":5,"column":12},"end":{"line":5,"column":32}},{"start":{"line":5,"column":36},"end":{"line":5,"column":42}}],"line":5}},"s":{"0":1,"1":1,"2":1,"3":1,"4":1,"5":1,"6":3,"7":3,"8":3,"9":3,"10":3,"11":2,"12":2,"13":1},"f":{"0":3,"1":2},"b":{"0":[1,0]},"_coverageSchema":"43e27e138ebf9cfc5966b082cf9a028302ed4184","hash":"e67365a11b3fcb67362d46a7207634563250470e","contentHash":"09a319a7bb116f1a275a7058151340382014df3d55bb4db88092d03197bd4f54"}
}
