{"/Users/mac/projects/Calendar/app.js": {"path":"/Users/mac/projects/Calendar/app.js","statementMap":{"0":{"start":{"line":3,"column":12},"end":{"line":3,"column":26}},"1":{"start":{"line":4,"column":14},"end":{"line":4,"column":35}},"2":{"start":{"line":5,"column":14},"end":{"line":5,"column":34}},"3":{"start":{"line":6,"column":19},"end":{"line":6,"column":44}},"4":{"start":{"line":8,"column":15},"end":{"line":8,"column":34}},"5":{"start":{"line":12,"column":15},"end":{"line":12,"column":46}},"6":{"start":{"line":14,"column":16},"end":{"line":14,"column":36}},"7":{"start":{"line":15,"column":15},"end":{"line":15,"column":30}},"8":{"start":{"line":17,"column":12},"end":{"line":17,"column":21}},"9":{"start":{"line":24,"column":0},"end":{"line":24,"column":61}},"10":{"start":{"line":26,"column":0},"end":{"line":28,"column":4}},"11":{"start":{"line":50,"column":0},"end":{"line":50,"column":22}},"12":{"start":{"line":52,"column":0},"end":{"line":52,"column":18}},"13":{"start":{"line":55,"column":2},"end":{"line":61,"column":3}},"14":{"start":{"line":56,"column":4},"end":{"line":60,"column":7}},"15":{"start":{"line":57,"column":6},"end":{"line":57,"column":42}},"16":{"start":{"line":58,"column":6},"end":{"line":58,"column":23}},"17":{"start":{"line":59,"column":6},"end":{"line":59,"column":19}},"18":{"start":{"line":62,"column":2},"end":{"line":62,"column":20}},"19":{"start":{"line":65,"column":0},"end":{"line":65,"column":7}},"20":{"start":{"line":67,"column":0},"end":{"line":67,"column":22}}},"fnMap":{"0":{"name":"init","decl":{"start":{"line":54,"column":9},"end":{"line":54,"column":13}},"loc":{"start":{"line":54,"column":16},"end":{"line":63,"column":1}},"line":54},"1":{"name":"(anonymous_1)","decl":{"start":{"line":56,"column":29},"end":{"line":56,"column":30}},"loc":{"start":{"line":56,"column":48},"end":{"line":60,"column":5}},"line":56}},"branchMap":{"0":{"loc":{"start":{"line":55,"column":2},"end":{"line":61,"column":3}},"type":"if","locations":[{"start":{"line":55,"column":2},"end":{"line":61,"column":3}},{"start":{"line":55,"column":2},"end":{"line":61,"column":3}}],"line":55}},"s":{"0":1,"1":1,"2":1,"3":1,"4":1,"5":1,"6":1,"7":1,"8":1,"9":1,"10":1,"11":1,"12":1,"13":3,"14":1,"15":1,"16":1,"17":1,"18":3,"19":1,"20":1},"f":{"0":3,"1":1},"b":{"0":[1,2]},"_coverageSchema":"43e27e138ebf9cfc5966b082cf9a028302ed4184","hash":"2e15c3b3eb7f18c41f6a29fa1ec00880814f4514","contentHash":"ab747cad5c3fe788d268e5017f054bfc60201e1f090e6a7e3099613f0702f447"}
,"/Users/mac/projects/Calendar/db/index.js": {"path":"/Users/mac/projects/Calendar/db/index.js","statementMap":{"0":{"start":{"line":3,"column":17},"end":{"line":3,"column":36}},"1":{"start":{"line":4,"column":15},"end":{"line":4,"column":47}},"2":{"start":{"line":6,"column":0},"end":{"line":6,"column":34}},"3":{"start":{"line":8,"column":0},"end":{"line":12,"column":3}}},"fnMap":{},"branchMap":{},"s":{"0":1,"1":1,"2":1,"3":1},"f":{},"b":{},"_coverageSchema":"43e27e138ebf9cfc5966b082cf9a028302ed4184","hash":"bbc28bc45ff341d3778942fbc8c88d771c37ccf5","contentHash":"bb1bd28b90ce2441139e238f87855ea599b6ba66489267e4dcf5c305eab1fbc9"}
,"/Users/mac/projects/Calendar/model/user.js": {"path":"/Users/mac/projects/Calendar/model/user.js","statementMap":{"0":{"start":{"line":1,"column":17},"end":{"line":1,"column":36}},"1":{"start":{"line":3,"column":19},"end":{"line":3,"column":27}},"2":{"start":{"line":5,"column":19},"end":{"line":16,"column":2}},"3":{"start":{"line":18,"column":0},"end":{"line":24,"column":2}},"4":{"start":{"line":19,"column":2},"end":{"line":23,"column":4}},"5":{"start":{"line":26,"column":13},"end":{"line":26,"column":47}},"6":{"start":{"line":28,"column":0},"end":{"line":28,"column":22}}},"fnMap":{"0":{"name":"getPublicFields","decl":{"start":{"line":18,"column":46},"end":{"line":18,"column":61}},"loc":{"start":{"line":18,"column":64},"end":{"line":24,"column":1}},"line":18}},"branchMap":{},"s":{"0":1,"1":1,"2":1,"3":1,"4":5,"5":1,"6":1},"f":{"0":5},"b":{},"_coverageSchema":"43e27e138ebf9cfc5966b082cf9a028302ed4184","hash":"641b7f7faf644adc40890a871c2cb479db581325","contentHash":"ee641e4ce7b0daef66c1b308c6221fcc5ddc76cfc88cd426888ae71c4b334084"}
,"/Users/mac/projects/Calendar/routes/index.js": {"path":"/Users/mac/projects/Calendar/routes/index.js","statementMap":{"0":{"start":{"line":1,"column":11},"end":{"line":1,"column":24}},"1":{"start":{"line":2,"column":13},"end":{"line":2,"column":28}},"2":{"start":{"line":3,"column":23},"end":{"line":3,"column":53}},"3":{"start":{"line":5,"column":17},"end":{"line":5,"column":42}},"4":{"start":{"line":6,"column":16},"end":{"line":6,"column":18}},"5":{"start":{"line":8,"column":0},"end":{"line":15,"column":5}},"6":{"start":{"line":10,"column":18},"end":{"line":10,"column":96}},"7":{"start":{"line":13,"column":19},"end":{"line":13,"column":54}},"8":{"start":{"line":14,"column":4},"end":{"line":14,"column":25}},"9":{"start":{"line":17,"column":15},"end":{"line":17,"column":38}},"10":{"start":{"line":19,"column":0},"end":{"line":19,"column":24}}},"fnMap":{"0":{"name":"(anonymous_0)","decl":{"start":{"line":10,"column":10},"end":{"line":10,"column":11}},"loc":{"start":{"line":10,"column":18},"end":{"line":10,"column":96}},"line":10},"1":{"name":"(anonymous_1)","decl":{"start":{"line":11,"column":11},"end":{"line":11,"column":12}},"loc":{"start":{"line":11,"column":21},"end":{"line":15,"column":3}},"line":11}},"branchMap":{"0":{"loc":{"start":{"line":10,"column":18},"end":{"line":10,"column":96}},"type":"binary-expr","locations":[{"start":{"line":10,"column":19},"end":{"line":10,"column":42}},{"start":{"line":10,"column":48},"end":{"line":10,"column":65}},{"start":{"line":10,"column":71},"end":{"line":10,"column":95}}],"line":10}},"s":{"0":1,"1":1,"2":1,"3":1,"4":1,"5":1,"6":2,"7":1,"8":1,"9":1,"10":1},"f":{"0":2,"1":1},"b":{"0":[2,2,1]},"_coverageSchema":"43e27e138ebf9cfc5966b082cf9a028302ed4184","hash":"7c5c78b6483f32525379c5b50c15bf948498b015","contentHash":"5bb40e2a0f76762df49157342d78494b993910df92916253cfecfbe95f534635"}
,"/Users/mac/projects/Calendar/routes/user.js": {"path":"/Users/mac/projects/Calendar/routes/user.js","statementMap":{"0":{"start":{"line":1,"column":15},"end":{"line":1,"column":36}},"1":{"start":{"line":2,"column":16},"end":{"line":2,"column":37}},"2":{"start":{"line":4,"column":15},"end":{"line":4,"column":46}},"3":{"start":{"line":6,"column":0},"end":{"line":11,"column":3}},"4":{"start":{"line":7,"column":15},"end":{"line":7,"column":58}},"5":{"start":{"line":8,"column":2},"end":{"line":8,"column":19}},"6":{"start":{"line":9,"column":2},"end":{"line":9,"column":18}},"7":{"start":{"line":10,"column":2},"end":{"line":10,"column":9}},"8":{"start":{"line":13,"column":0},"end":{"line":16,"column":3}},"9":{"start":{"line":14,"column":2},"end":{"line":14,"column":46}},"10":{"start":{"line":15,"column":2},"end":{"line":15,"column":16}},"11":{"start":{"line":18,"column":0},"end":{"line":27,"column":3}},"12":{"start":{"line":19,"column":22},"end":{"line":20,"column":63}},"13":{"start":{"line":20,"column":17},"end":{"line":20,"column":62}},"14":{"start":{"line":21,"column":2},"end":{"line":23,"column":3}},"15":{"start":{"line":22,"column":4},"end":{"line":22,"column":75}},"16":{"start":{"line":24,"column":2},"end":{"line":24,"column":66}},"17":{"start":{"line":25,"column":2},"end":{"line":25,"column":19}},"18":{"start":{"line":26,"column":2},"end":{"line":26,"column":16}},"19":{"start":{"line":29,"column":0},"end":{"line":35,"column":3}},"20":{"start":{"line":30,"column":18},"end":{"line":30,"column":28}},"21":{"start":{"line":31,"column":15},"end":{"line":31,"column":42}},"22":{"start":{"line":32,"column":2},"end":{"line":32,"column":45}},"23":{"start":{"line":32,"column":12},"end":{"line":32,"column":45}},"24":{"start":{"line":33,"column":2},"end":{"line":33,"column":36}},"25":{"start":{"line":34,"column":2},"end":{"line":34,"column":9}},"26":{"start":{"line":37,"column":0},"end":{"line":37,"column":24}}},"fnMap":{"0":{"name":"(anonymous_0)","decl":{"start":{"line":6,"column":17},"end":{"line":6,"column":18}},"loc":{"start":{"line":6,"column":38},"end":{"line":11,"column":1}},"line":6},"1":{"name":"(anonymous_1)","decl":{"start":{"line":13,"column":16},"end":{"line":13,"column":17}},"loc":{"start":{"line":13,"column":31},"end":{"line":16,"column":1}},"line":13},"2":{"name":"(anonymous_2)","decl":{"start":{"line":18,"column":18},"end":{"line":18,"column":19}},"loc":{"start":{"line":18,"column":39},"end":{"line":27,"column":1}},"line":18},"3":{"name":"(anonymous_3)","decl":{"start":{"line":20,"column":12},"end":{"line":20,"column":13}},"loc":{"start":{"line":20,"column":17},"end":{"line":20,"column":62}},"line":20},"4":{"name":"(anonymous_4)","decl":{"start":{"line":29,"column":20},"end":{"line":29,"column":21}},"loc":{"start":{"line":29,"column":41},"end":{"line":35,"column":1}},"line":29}},"branchMap":{"0":{"loc":{"start":{"line":21,"column":2},"end":{"line":23,"column":3}},"type":"if","locations":[{"start":{"line":21,"column":2},"end":{"line":23,"column":3}},{"start":{"line":21,"column":2},"end":{"line":23,"column":3}}],"line":21},"1":{"loc":{"start":{"line":32,"column":2},"end":{"line":32,"column":45}},"type":"if","locations":[{"start":{"line":32,"column":2},"end":{"line":32,"column":45}},{"start":{"line":32,"column":2},"end":{"line":32,"column":45}}],"line":32}},"s":{"0":1,"1":1,"2":1,"3":1,"4":0,"5":0,"6":0,"7":0,"8":1,"9":0,"10":0,"11":1,"12":0,"13":0,"14":0,"15":0,"16":0,"17":0,"18":0,"19":1,"20":0,"21":0,"22":0,"23":0,"24":0,"25":0,"26":1},"f":{"0":0,"1":0,"2":0,"3":0,"4":0},"b":{"0":[0,0],"1":[0,0]},"_coverageSchema":"43e27e138ebf9cfc5966b082cf9a028302ed4184","hash":"f43a6ca4cdb47218493f674bf2ece2750cd85f54","contentHash":"e1c63c499a1176833e0caa1b3056ca212a9404b2dda4274e9f434176fab24e82"}
,"/Users/mac/projects/Calendar/service/auth.js": {"path":"/Users/mac/projects/Calendar/service/auth.js","statementMap":{"0":{"start":{"line":1,"column":12},"end":{"line":1,"column":35}},"1":{"start":{"line":4,"column":15},"end":{"line":4,"column":47}},"2":{"start":{"line":6,"column":13},"end":{"line":6,"column":37}},"3":{"start":{"line":8,"column":0},"end":{"line":24,"column":2}},"4":{"start":{"line":9,"column":16},"end":{"line":9,"column":54}},"5":{"start":{"line":10,"column":2},"end":{"line":12,"column":3}},"6":{"start":{"line":11,"column":4},"end":{"line":11,"column":35}},"7":{"start":{"line":14,"column":2},"end":{"line":18,"column":3}},"8":{"start":{"line":15,"column":4},"end":{"line":15,"column":52}},"9":{"start":{"line":17,"column":4},"end":{"line":17,"column":33}},"10":{"start":{"line":19,"column":2},"end":{"line":21,"column":3}},"11":{"start":{"line":20,"column":4},"end":{"line":20,"column":40}},"12":{"start":{"line":22,"column":2},"end":{"line":22,"column":60}},"13":{"start":{"line":23,"column":2},"end":{"line":23,"column":9}}},"fnMap":{"0":{"name":"(anonymous_0)","decl":{"start":{"line":8,"column":17},"end":{"line":8,"column":18}},"loc":{"start":{"line":8,"column":38},"end":{"line":24,"column":1}},"line":8}},"branchMap":{"0":{"loc":{"start":{"line":10,"column":2},"end":{"line":12,"column":3}},"type":"if","locations":[{"start":{"line":10,"column":2},"end":{"line":12,"column":3}},{"start":{"line":10,"column":2},"end":{"line":12,"column":3}}],"line":10},"1":{"loc":{"start":{"line":19,"column":2},"end":{"line":21,"column":3}},"type":"if","locations":[{"start":{"line":19,"column":2},"end":{"line":21,"column":3}},{"start":{"line":19,"column":2},"end":{"line":21,"column":3}}],"line":19}},"s":{"0":1,"1":1,"2":1,"3":1,"4":4,"5":4,"6":1,"7":3,"8":3,"9":1,"10":2,"11":1,"12":1,"13":1},"f":{"0":4},"b":{"0":[1,3],"1":[1,1]},"_coverageSchema":"43e27e138ebf9cfc5966b082cf9a028302ed4184","hash":"7fe2bacc8f0d49b99bf7f25258e3143f11f841a5","contentHash":"7c4902994fdbceed62283494e7ce5f953eba341d9a46b738e849d400eef3debd"}
,"/Users/mac/projects/Calendar/service/index.js": {"path":"/Users/mac/projects/Calendar/service/index.js","statementMap":{"0":{"start":{"line":1,"column":11},"end":{"line":1,"column":24}},"1":{"start":{"line":2,"column":13},"end":{"line":2,"column":28}},"2":{"start":{"line":4,"column":17},"end":{"line":4,"column":42}},"3":{"start":{"line":5,"column":11},"end":{"line":5,"column":13}},"4":{"start":{"line":6,"column":17},"end":{"line":6,"column":19}},"5":{"start":{"line":8,"column":0},"end":{"line":16,"column":5}},"6":{"start":{"line":10,"column":18},"end":{"line":10,"column":96}},"7":{"start":{"line":12,"column":24},"end":{"line":12,"column":50}},"8":{"start":{"line":14,"column":4},"end":{"line":14,"column":58}},"9":{"start":{"line":15,"column":4},"end":{"line":15,"column":31}},"10":{"start":{"line":18,"column":0},"end":{"line":18,"column":34}}},"fnMap":{"0":{"name":"(anonymous_0)","decl":{"start":{"line":10,"column":10},"end":{"line":10,"column":11}},"loc":{"start":{"line":10,"column":18},"end":{"line":10,"column":96}},"line":10},"1":{"name":"(anonymous_1)","decl":{"start":{"line":11,"column":11},"end":{"line":11,"column":12}},"loc":{"start":{"line":11,"column":21},"end":{"line":16,"column":3}},"line":11}},"branchMap":{"0":{"loc":{"start":{"line":10,"column":18},"end":{"line":10,"column":96}},"type":"binary-expr","locations":[{"start":{"line":10,"column":19},"end":{"line":10,"column":42}},{"start":{"line":10,"column":48},"end":{"line":10,"column":65}},{"start":{"line":10,"column":71},"end":{"line":10,"column":95}}],"line":10}},"s":{"0":1,"1":1,"2":1,"3":1,"4":1,"5":1,"6":3,"7":2,"8":2,"9":2,"10":1},"f":{"0":3,"1":2},"b":{"0":[3,3,2]},"_coverageSchema":"43e27e138ebf9cfc5966b082cf9a028302ed4184","hash":"22fa994b36f396cd0971fd405e05b5fa088a65d8","contentHash":"b93c2531c1d85720f09bcc0f1cd1c23f0f690caf5aed4ecc889f549c1415c3f6"}
,"/Users/mac/projects/Calendar/service/user.js": {"path":"/Users/mac/projects/Calendar/service/user.js","statementMap":{"0":{"start":{"line":1,"column":12},"end":{"line":1,"column":35}},"1":{"start":{"line":2,"column":15},"end":{"line":2,"column":34}},"2":{"start":{"line":3,"column":13},"end":{"line":3,"column":37}},"3":{"start":{"line":6,"column":15},"end":{"line":6,"column":47}},"4":{"start":{"line":9,"column":25},"end":{"line":9,"column":55}},"5":{"start":{"line":10,"column":18},"end":{"line":10,"column":81}},"6":{"start":{"line":11,"column":16},"end":{"line":11,"column":101}},"7":{"start":{"line":12,"column":2},"end":{"line":12,"column":61}},"8":{"start":{"line":16,"column":15},"end":{"line":16,"column":38}},"9":{"start":{"line":17,"column":2},"end":{"line":17,"column":14}},"10":{"start":{"line":20,"column":0},"end":{"line":23,"column":3}}},"fnMap":{"0":{"name":"createUser","decl":{"start":{"line":8,"column":15},"end":{"line":8,"column":25}},"loc":{"start":{"line":8,"column":29},"end":{"line":13,"column":1}},"line":8},"1":{"name":"getUser","decl":{"start":{"line":15,"column":15},"end":{"line":15,"column":22}},"loc":{"start":{"line":15,"column":27},"end":{"line":18,"column":1}},"line":15}},"branchMap":{},"s":{"0":1,"1":1,"2":1,"3":1,"4":4,"5":4,"6":4,"7":4,"8":2,"9":2,"10":1},"f":{"0":4,"1":2},"b":{},"_coverageSchema":"43e27e138ebf9cfc5966b082cf9a028302ed4184","hash":"7d37e45e043bf829e3510652bfe0b0e4b1053f95","contentHash":"62a99047f4208570d2046c2049a1e0545e69cd46a5320c71f7754ab4939a8dcb"}
}
