TN:
SF:/Users/mac/projects/Calendar/app.js
FN:54,init
FN:56,(anonymous_1)
FNF:2
FNH:2
FNDA:3,init
FNDA:1,(anonymous_1)
DA:3,1
DA:4,1
DA:5,1
DA:6,1
DA:8,1
DA:12,1
DA:14,1
DA:15,1
DA:17,1
DA:24,1
DA:26,1
DA:50,1
DA:52,1
DA:55,3
DA:56,1
DA:57,1
DA:58,1
DA:59,1
DA:62,3
DA:65,1
DA:67,1
LF:21
LH:21
BRDA:55,0,0,1
BRDA:55,0,1,2
BRF:2
BRH:2
end_of_record
TN:
SF:/Users/mac/projects/Calendar/db/index.js
FNF:0
FNH:0
DA:3,1
DA:4,1
DA:6,1
DA:8,1
LF:4
LH:4
BRF:0
BRH:0
end_of_record
TN:
SF:/Users/mac/projects/Calendar/model/user.js
FN:18,getPublicFields
FNF:1
FNH:1
FNDA:5,getPublicFields
DA:1,1
DA:3,1
DA:5,1
DA:18,1
DA:19,5
DA:26,1
DA:28,1
LF:7
LH:7
BRF:0
BRH:0
end_of_record
TN:
SF:/Users/mac/projects/Calendar/routes/index.js
FN:10,(anonymous_0)
FN:11,(anonymous_1)
FNF:2
FNH:2
FNDA:2,(anonymous_0)
FNDA:1,(anonymous_1)
DA:1,1
DA:2,1
DA:3,1
DA:5,1
DA:6,1
DA:8,1
DA:10,2
DA:13,1
DA:14,1
DA:17,1
DA:19,1
LF:11
LH:11
BRDA:10,0,0,2
BRDA:10,0,1,2
BRDA:10,0,2,1
BRF:3
BRH:3
end_of_record
TN:
SF:/Users/mac/projects/Calendar/routes/user.js
FN:6,(anonymous_0)
FN:13,(anonymous_1)
FN:18,(anonymous_2)
FN:20,(anonymous_3)
FN:29,(anonymous_4)
FNF:5
FNH:0
FNDA:0,(anonymous_0)
FNDA:0,(anonymous_1)
FNDA:0,(anonymous_2)
FNDA:0,(anonymous_3)
FNDA:0,(anonymous_4)
DA:1,1
DA:2,1
DA:4,1
DA:6,1
DA:7,0
DA:8,0
DA:9,0
DA:10,0
DA:13,1
DA:14,0
DA:15,0
DA:18,1
DA:19,0
DA:20,0
DA:21,0
DA:22,0
DA:24,0
DA:25,0
DA:26,0
DA:29,1
DA:30,0
DA:31,0
DA:32,0
DA:33,0
DA:34,0
DA:37,1
LF:26
LH:8
BRDA:21,0,0,0
BRDA:21,0,1,0
BRDA:32,1,0,0
BRDA:32,1,1,0
BRF:4
BRH:0
end_of_record
TN:
SF:/Users/mac/projects/Calendar/service/auth.js
FN:8,(anonymous_0)
FNF:1
FNH:1
FNDA:4,(anonymous_0)
DA:1,1
DA:4,1
DA:6,1
DA:8,1
DA:9,4
DA:10,4
DA:11,1
DA:14,3
DA:15,3
DA:17,1
DA:19,2
DA:20,1
DA:22,1
DA:23,1
LF:14
LH:14
BRDA:10,0,0,1
BRDA:10,0,1,3
BRDA:19,1,0,1
BRDA:19,1,1,1
BRF:4
BRH:4
end_of_record
TN:
SF:/Users/mac/projects/Calendar/service/index.js
FN:10,(anonymous_0)
FN:11,(anonymous_1)
FNF:2
FNH:2
FNDA:3,(anonymous_0)
FNDA:2,(anonymous_1)
DA:1,1
DA:2,1
DA:4,1
DA:5,1
DA:6,1
DA:8,1
DA:10,3
DA:12,2
DA:14,2
DA:15,2
DA:18,1
LF:11
LH:11
BRDA:10,0,0,3
BRDA:10,0,1,3
BRDA:10,0,2,2
BRF:3
BRH:3
end_of_record
TN:
SF:/Users/mac/projects/Calendar/service/user.js
FN:8,createUser
FN:15,getUser
FNF:2
FNH:2
FNDA:4,createUser
FNDA:2,getUser
DA:1,1
DA:2,1
DA:3,1
DA:6,1
DA:9,4
DA:10,4
DA:11,4
DA:12,4
DA:16,2
DA:17,2
DA:20,1
LF:11
LH:11
BRF:0
BRH:0
end_of_record
